<?xml version="1.0" encoding="UTF-8"?>
<!-- Generated by org.testng.reporters.JUnitReportReporter -->
<testsuite hostname="Sanjay" failures="0" tests="3" name="javapackage.TestNG" time="0.016" errors="0" timestamp="2023-08-15T11:34:12 IST" skipped="0">
  <testcase classname="javapackage.TestNG" name="a" time="0.011"/>
  <testcase classname="javapackage.TestNG" name="b" time="0.002"/>
  <testcase classname="javapackage.TestNG" name="e" time="0.003"/>
</testsuite> <!-- javapackage.TestNG -->
