<?xml version="1.0" encoding="UTF-8"?>
<!-- Generated by org.testng.reporters.JUnitReportReporter -->
<testsuite hostname="Sanjay" failures="0" tests="3" name="javapackage.TestNGPriority3" time="0.032" errors="0" timestamp="2023-09-03T00:07:28 IST" skipped="0">
  <testcase classname="javapackage.TestNGPriority3" name="sanjay" time="0.021"/>
  <testcase classname="javapackage.TestNGPriority3" name="pooja" time="0.004"/>
  <testcase classname="javapackage.TestNGPriority3" name="parth" time="0.007"/>
</testsuite> <!-- javapackage.TestNGPriority3 -->
