<?xml version="1.0" encoding="UTF-8"?>
<!-- Generated by org.testng.reporters.JUnitReportReporter -->
<testsuite hostname="Sanjay" failures="0" tests="3" name="javapackage.Tng" time="0.040" errors="0" timestamp="2023-08-08T22:24:22 IST" skipped="0">
  <testcase classname="javapackage.Tng" name="c" time="0.005"/>
  <testcase classname="javapackage.Tng" name="b" time="0.028"/>
  <testcase classname="javapackage.Tng" name="e" time="0.007"/>
</testsuite> <!-- javapackage.Tng -->
