<?xml version="1.0" encoding="UTF-8"?>
<!-- Generated by org.testng.reporters.JUnitReportReporter -->
<testsuite hostname="Sanjay" failures="0" tests="3" name="TestNGSkip$TestNGAfter" time="0.022" errors="0" timestamp="2023-08-15T11:30:12 IST" skipped="1">
  <testcase classname="TestNGSkip$TestNGAfter" name="A" time="0.010"/>
  <testcase classname="TestNGSkip$TestNGAfter" name="B" time="0.012"/>
  <testcase classname="TestNGSkip$TestNGAfter" name="S">
    <skipped/>
  </testcase> <!-- S -->
</testsuite> <!-- TestNGSkip$TestNGAfter -->
