<?xml version="1.0" encoding="UTF-8"?>
<!-- Generated by org.testng.reporters.JUnitReportReporter -->
<testsuite hostname="Sanjay" failures="0" tests="2" name="TestNGAfter" time="0.021" errors="0" timestamp="2023-08-15T11:16:25 IST" skipped="0">
  <testcase classname="TestNGAfter" name="Aa" time="0.013"/>
  <testcase classname="TestNGAfter" name="BB" time="0.008"/>
</testsuite> <!-- TestNGAfter -->
