<?xml version="1.0" encoding="UTF-8"?>
<!-- Generated by org.testng.reporters.JUnitReportReporter -->
<testsuite hostname="Sanjay" failures="0" tests="2" name="javapackage.TestNGBefore" time="0.035" errors="0" timestamp="2023-08-15T11:14:39 IST" skipped="0">
  <testcase classname="javapackage.TestNGBefore" name="BB" time="0.010"/>
  <testcase classname="javapackage.TestNGBefore" name="AA" time="0.025"/>
</testsuite> <!-- javapackage.TestNGBefore -->
