<?xml version="1.0" encoding="UTF-8"?>
<!-- Generated by org.testng.reporters.JUnitReportReporter -->
<testsuite hostname="Sanjay" failures="0" tests="3" name="javapackage.TestNGTrueFalseUsingEnable3" time="0.025" errors="0" timestamp="2023-09-03T00:24:27 IST" skipped="1">
  <testcase classname="javapackage.TestNGTrueFalseUsingEnable3" name="b" time="0.022"/>
  <testcase classname="javapackage.TestNGTrueFalseUsingEnable3" name="a" time="0.003"/>
  <testcase classname="javapackage.TestNGTrueFalseUsingEnable3" name="c">
    <skipped/>
  </testcase> <!-- c -->
</testsuite> <!-- javapackage.TestNGTrueFalseUsingEnable3 -->
