<?xml version="1.0" encoding="UTF-8"?>
<!-- Generated by org.testng.reporters.JUnitReportReporter -->
<testsuite hostname="Sanjay" failures="0" tests="3" name="javapackage.TestNG2" time="0.059" errors="0" timestamp="2023-09-02T23:57:43 IST" skipped="0">
  <testcase classname="javapackage.TestNG2" name="makeAutoPayment" time="0.015"/>
  <testcase classname="javapackage.TestNG2" name="AutoPayment" time="0.033"/>
  <testcase classname="javapackage.TestNG2" name="creatNewAccout" time="0.011"/>
</testsuite> <!-- javapackage.TestNG2 -->
