<?xml version="1.0" encoding="UTF-8"?>
<!-- Generated by org.testng.reporters.JUnitReportReporter -->
<testsuite hostname="Sanjay" failures="0" tests="3" name="javapackage.TestNG1" time="0.036" errors="0" timestamp="2023-09-02T23:36:44 IST" skipped="0">
  <testcase classname="javapackage.TestNG1" name="b" time="0.003"/>
  <testcase classname="javapackage.TestNG1" name="a" time="0.026"/>
  <testcase classname="javapackage.TestNG1" name="z" time="0.007"/>
</testsuite> <!-- javapackage.TestNG1 -->
